0 info it worked if it ends with ok
1 verbose cli [ '/usr/bin/node', '/usr/bin/npm', 'rebuild' ]
2 info using npm@3.5.2
3 info using node@v8.10.0
4 info readInstalled object
5 verbose rebuild path, id [ '/home/nafis/Professional_Exclusions/work_flow/node_modules/abbrev',
5 verbose rebuild   'abbrev@1.1.1' ]
6 verbose rebuild path, id [ '/home/nafis/Professional_Exclusions/work_flow/node_modules/accepts',
6 verbose rebuild   'accepts@1.3.4' ]
7 verbose rebuild path, id [ '/home/nafis/Professional_Exclusions/work_flow/node_modules/mime-types',
7 verbose rebuild   'mime-types@2.1.17' ]
8 verbose rebuild path, id [ '/home/nafis/Professional_Exclusions/work_flow/node_modules/mime-db',
8 verbose rebuild   'mime-db@1.30.0' ]
9 verbose rebuild path, id [ '/home/nafis/Professional_Exclusions/work_flow/node_modules/negotiator',
9 verbose rebuild   'negotiator@0.6.1' ]
10 verbose rebuild path, id [ '/home/nafis/Professional_Exclusions/work_flow/node_modules/after',
10 verbose rebuild   'after@0.8.2' ]
11 verbose rebuild path, id [ '/home/nafis/Professional_Exclusions/work_flow/node_modules/ansi-regex',
11 verbose rebuild   'ansi-regex@2.1.1' ]
12 verbose rebuild path, id [ '/home/nafis/Professional_Exclusions/work_flow/node_modules/append-field',
12 verbose rebuild   'append-field@1.0.0' ]
13 verbose rebuild path, id [ '/home/nafis/Professional_Exclusions/work_flow/node_modules/aproba',
13 verbose rebuild   'aproba@1.2.0' ]
14 verbose rebuild path, id [ '/home/nafis/Professional_Exclusions/work_flow/node_modules/are-we-there-yet',
14 verbose rebuild   'are-we-there-yet@1.1.5' ]
15 verbose rebuild path, id [ '/home/nafis/Professional_Exclusions/work_flow/node_modules/delegates',
15 verbose rebuild   'delegates@1.0.0' ]
16 verbose rebuild path, id [ '/home/nafis/Professional_Exclusions/work_flow/node_modules/readable-stream',
16 verbose rebuild   'readable-stream@2.2.7' ]
17 verbose rebuild path, id [ '/home/nafis/Professional_Exclusions/work_flow/node_modules/buffer-shims',
17 verbose rebuild   'buffer-shims@1.0.0' ]
18 verbose rebuild path, id [ '/home/nafis/Professional_Exclusions/work_flow/node_modules/core-util-is',
18 verbose rebuild   'core-util-is@1.0.2' ]
19 verbose rebuild path, id [ '/home/nafis/Professional_Exclusions/work_flow/node_modules/inherits',
19 verbose rebuild   'inherits@2.0.3' ]
20 verbose rebuild path, id [ '/home/nafis/Professional_Exclusions/work_flow/node_modules/readable-stream/node_modules/isarray',
20 verbose rebuild   'isarray@1.0.0' ]
21 verbose rebuild path, id [ '/home/nafis/Professional_Exclusions/work_flow/node_modules/process-nextick-args',
21 verbose rebuild   'process-nextick-args@1.0.7' ]
22 verbose rebuild path, id [ '/home/nafis/Professional_Exclusions/work_flow/node_modules/string_decoder',
22 verbose rebuild   'string_decoder@1.0.3' ]
23 verbose rebuild path, id [ '/home/nafis/Professional_Exclusions/work_flow/node_modules/safe-buffer',
23 verbose rebuild   'safe-buffer@5.1.1' ]
24 verbose rebuild path, id [ '/home/nafis/Professional_Exclusions/work_flow/node_modules/util-deprecate',
24 verbose rebuild   'util-deprecate@1.0.2' ]
25 verbose rebuild path, id [ '/home/nafis/Professional_Exclusions/work_flow/node_modules/array-flatten',
25 verbose rebuild   'array-flatten@1.1.1' ]
26 verbose rebuild path, id [ '/home/nafis/Professional_Exclusions/work_flow/node_modules/arraybuffer.slice',
26 verbose rebuild   'arraybuffer.slice@0.0.6' ]
27 verbose rebuild path, id [ '/home/nafis/Professional_Exclusions/work_flow/node_modules/async',
27 verbose rebuild   'async@2.1.4' ]
28 verbose rebuild path, id [ '/home/nafis/Professional_Exclusions/work_flow/node_modules/lodash',
28 verbose rebuild   'lodash@4.17.4' ]
29 verbose rebuild path, id [ '/home/nafis/Professional_Exclusions/work_flow/node_modules/async-limiter',
29 verbose rebuild   'async-limiter@1.0.0' ]
30 verbose rebuild path, id [ '/home/nafis/Professional_Exclusions/work_flow/node_modules/backo2',
30 verbose rebuild   'backo2@1.0.2' ]
31 verbose rebuild path, id [ '/home/nafis/Professional_Exclusions/work_flow/node_modules/balanced-match',
31 verbose rebuild   'balanced-match@1.0.0' ]
32 verbose rebuild path, id [ '/home/nafis/Professional_Exclusions/work_flow/node_modules/base64-arraybuffer',
32 verbose rebuild   'base64-arraybuffer@0.1.5' ]
33 verbose rebuild path, id [ '/home/nafis/Professional_Exclusions/work_flow/node_modules/base64id',
33 verbose rebuild   'base64id@1.0.0' ]
34 verbose rebuild path, id [ '/home/nafis/Professional_Exclusions/work_flow/node_modules/basic-auth',
34 verbose rebuild   'basic-auth@2.0.1' ]
35 verbose rebuild path, id [ '/home/nafis/Professional_Exclusions/work_flow/node_modules/basic-auth/node_modules/safe-buffer',
35 verbose rebuild   'safe-buffer@5.1.2' ]
36 verbose rebuild path, id [ '/home/nafis/Professional_Exclusions/work_flow/node_modules/bcrypt',
36 verbose rebuild   'bcrypt@3.0.7' ]
37 verbose rebuild path, id [ '/home/nafis/Professional_Exclusions/work_flow/node_modules/nan',
37 verbose rebuild   'nan@2.14.0' ]
38 verbose rebuild path, id [ '/home/nafis/Professional_Exclusions/work_flow/node_modules/node-pre-gyp',
38 verbose rebuild   'node-pre-gyp@0.13.0' ]
39 verbose rebuild path, id [ '/home/nafis/Professional_Exclusions/work_flow/node_modules/detect-libc',
39 verbose rebuild   'detect-libc@1.0.3' ]
40 verbose rebuild path, id [ '/home/nafis/Professional_Exclusions/work_flow/node_modules/mkdirp',
40 verbose rebuild   'mkdirp@0.5.1' ]
41 verbose rebuild path, id [ '/home/nafis/Professional_Exclusions/work_flow/node_modules/minimist',
41 verbose rebuild   'minimist@0.0.8' ]
42 verbose rebuild path, id [ '/home/nafis/Professional_Exclusions/work_flow/node_modules/needle',
42 verbose rebuild   'needle@2.4.0' ]
43 verbose rebuild path, id [ '/home/nafis/Professional_Exclusions/work_flow/node_modules/needle/node_modules/debug',
43 verbose rebuild   'debug@3.2.6' ]
44 verbose rebuild path, id [ '/home/nafis/Professional_Exclusions/work_flow/node_modules/needle/node_modules/ms',
44 verbose rebuild   'ms@2.1.2' ]
45 verbose rebuild path, id [ '/home/nafis/Professional_Exclusions/work_flow/node_modules/iconv-lite',
45 verbose rebuild   'iconv-lite@0.4.19' ]
46 verbose rebuild path, id [ '/home/nafis/Professional_Exclusions/work_flow/node_modules/sax',
46 verbose rebuild   'sax@1.2.4' ]
47 verbose rebuild path, id [ '/home/nafis/Professional_Exclusions/work_flow/node_modules/nopt',
47 verbose rebuild   'nopt@4.0.1' ]
48 verbose rebuild path, id [ '/home/nafis/Professional_Exclusions/work_flow/node_modules/osenv',
48 verbose rebuild   'osenv@0.1.5' ]
49 verbose rebuild path, id [ '/home/nafis/Professional_Exclusions/work_flow/node_modules/os-homedir',
49 verbose rebuild   'os-homedir@1.0.2' ]
50 verbose rebuild path, id [ '/home/nafis/Professional_Exclusions/work_flow/node_modules/os-tmpdir',
50 verbose rebuild   'os-tmpdir@1.0.2' ]
51 verbose rebuild path, id [ '/home/nafis/Professional_Exclusions/work_flow/node_modules/npm-packlist',
51 verbose rebuild   'npm-packlist@1.4.7' ]
52 verbose rebuild path, id [ '/home/nafis/Professional_Exclusions/work_flow/node_modules/ignore-walk',
52 verbose rebuild   'ignore-walk@3.0.3' ]
53 verbose rebuild path, id [ '/home/nafis/Professional_Exclusions/work_flow/node_modules/minimatch',
53 verbose rebuild   'minimatch@3.0.4' ]
54 verbose rebuild path, id [ '/home/nafis/Professional_Exclusions/work_flow/node_modules/brace-expansion',
54 verbose rebuild   'brace-expansion@1.1.11' ]
55 verbose rebuild path, id [ '/home/nafis/Professional_Exclusions/work_flow/node_modules/concat-map',
55 verbose rebuild   'concat-map@0.0.1' ]
56 verbose rebuild path, id [ '/home/nafis/Professional_Exclusions/work_flow/node_modules/npm-bundled',
56 verbose rebuild   'npm-bundled@1.1.1' ]
57 verbose rebuild path, id [ '/home/nafis/Professional_Exclusions/work_flow/node_modules/npm-normalize-package-bin',
57 verbose rebuild   'npm-normalize-package-bin@1.0.1' ]
58 verbose rebuild path, id [ '/home/nafis/Professional_Exclusions/work_flow/node_modules/npmlog',
58 verbose rebuild   'npmlog@4.1.2' ]
59 verbose rebuild path, id [ '/home/nafis/Professional_Exclusions/work_flow/node_modules/console-control-strings',
59 verbose rebuild   'console-control-strings@1.1.0' ]
60 verbose rebuild path, id [ '/home/nafis/Professional_Exclusions/work_flow/node_modules/gauge',
60 verbose rebuild   'gauge@2.7.4' ]
61 verbose rebuild path, id [ '/home/nafis/Professional_Exclusions/work_flow/node_modules/has-unicode',
61 verbose rebuild   'has-unicode@2.0.1' ]
62 verbose rebuild path, id [ '/home/nafis/Professional_Exclusions/work_flow/node_modules/object-assign',
62 verbose rebuild   'object-assign@4.1.1' ]
63 verbose rebuild path, id [ '/home/nafis/Professional_Exclusions/work_flow/node_modules/signal-exit',
63 verbose rebuild   'signal-exit@3.0.2' ]
64 verbose rebuild path, id [ '/home/nafis/Professional_Exclusions/work_flow/node_modules/string-width',
64 verbose rebuild   'string-width@1.0.2' ]
65 verbose rebuild path, id [ '/home/nafis/Professional_Exclusions/work_flow/node_modules/code-point-at',
65 verbose rebuild   'code-point-at@1.1.0' ]
66 verbose rebuild path, id [ '/home/nafis/Professional_Exclusions/work_flow/node_modules/is-fullwidth-code-point',
66 verbose rebuild   'is-fullwidth-code-point@1.0.0' ]
67 verbose rebuild path, id [ '/home/nafis/Professional_Exclusions/work_flow/node_modules/number-is-nan',
67 verbose rebuild   'number-is-nan@1.0.1' ]
68 verbose rebuild path, id [ '/home/nafis/Professional_Exclusions/work_flow/node_modules/strip-ansi',
68 verbose rebuild   'strip-ansi@3.0.1' ]
69 verbose rebuild path, id [ '/home/nafis/Professional_Exclusions/work_flow/node_modules/wide-align',
69 verbose rebuild   'wide-align@1.1.3' ]
70 verbose rebuild path, id [ '/home/nafis/Professional_Exclusions/work_flow/node_modules/set-blocking',
70 verbose rebuild   'set-blocking@2.0.0' ]
71 verbose rebuild path, id [ '/home/nafis/Professional_Exclusions/work_flow/node_modules/rc',
71 verbose rebuild   'rc@1.2.8' ]
72 verbose rebuild path, id [ '/home/nafis/Professional_Exclusions/work_flow/node_modules/deep-extend',
72 verbose rebuild   'deep-extend@0.6.0' ]
73 verbose rebuild path, id [ '/home/nafis/Professional_Exclusions/work_flow/node_modules/ini',
73 verbose rebuild   'ini@1.3.5' ]
74 verbose rebuild path, id [ '/home/nafis/Professional_Exclusions/work_flow/node_modules/rc/node_modules/minimist',
74 verbose rebuild   'minimist@1.2.0' ]
75 verbose rebuild path, id [ '/home/nafis/Professional_Exclusions/work_flow/node_modules/strip-json-comments',
75 verbose rebuild   'strip-json-comments@2.0.1' ]
76 verbose rebuild path, id [ '/home/nafis/Professional_Exclusions/work_flow/node_modules/rimraf',
76 verbose rebuild   'rimraf@2.7.1' ]
77 verbose rebuild path, id [ '/home/nafis/Professional_Exclusions/work_flow/node_modules/glob',
77 verbose rebuild   'glob@7.1.6' ]
78 verbose rebuild path, id [ '/home/nafis/Professional_Exclusions/work_flow/node_modules/fs.realpath',
78 verbose rebuild   'fs.realpath@1.0.0' ]
79 verbose rebuild path, id [ '/home/nafis/Professional_Exclusions/work_flow/node_modules/inflight',
79 verbose rebuild   'inflight@1.0.6' ]
80 verbose rebuild path, id [ '/home/nafis/Professional_Exclusions/work_flow/node_modules/once',
80 verbose rebuild   'once@1.4.0' ]
81 verbose rebuild path, id [ '/home/nafis/Professional_Exclusions/work_flow/node_modules/wrappy',
81 verbose rebuild   'wrappy@1.0.2' ]
82 verbose rebuild path, id [ '/home/nafis/Professional_Exclusions/work_flow/node_modules/path-is-absolute',
82 verbose rebuild   'path-is-absolute@1.0.1' ]
83 verbose rebuild path, id [ '/home/nafis/Professional_Exclusions/work_flow/node_modules/semver',
83 verbose rebuild   'semver@5.4.1' ]
84 verbose rebuild path, id [ '/home/nafis/Professional_Exclusions/work_flow/node_modules/tar',
84 verbose rebuild   'tar@4.4.13' ]
85 verbose rebuild path, id [ '/home/nafis/Professional_Exclusions/work_flow/node_modules/chownr',
85 verbose rebuild   'chownr@1.1.3' ]
86 verbose rebuild path, id [ '/home/nafis/Professional_Exclusions/work_flow/node_modules/fs-minipass',
86 verbose rebuild   'fs-minipass@1.2.7' ]
87 verbose rebuild path, id [ '/home/nafis/Professional_Exclusions/work_flow/node_modules/minipass',
87 verbose rebuild   'minipass@2.9.0' ]
88 verbose rebuild path, id [ '/home/nafis/Professional_Exclusions/work_flow/node_modules/minipass/node_modules/safe-buffer',
88 verbose rebuild   'safe-buffer@5.2.0' ]
89 verbose rebuild path, id [ '/home/nafis/Professional_Exclusions/work_flow/node_modules/yallist',
89 verbose rebuild   'yallist@3.1.1' ]
90 verbose rebuild path, id [ '/home/nafis/Professional_Exclusions/work_flow/node_modules/minizlib',
90 verbose rebuild   'minizlib@1.3.3' ]
91 verbose rebuild path, id [ '/home/nafis/Professional_Exclusions/work_flow/node_modules/tar/node_modules/safe-buffer',
91 verbose rebuild   'safe-buffer@5.2.0' ]
92 verbose rebuild path, id [ '/home/nafis/Professional_Exclusions/work_flow/node_modules/better-assert',
92 verbose rebuild   'better-assert@1.0.2' ]
93 verbose rebuild path, id [ '/home/nafis/Professional_Exclusions/work_flow/node_modules/callsite',
93 verbose rebuild   'callsite@1.0.0' ]
94 verbose rebuild path, id [ '/home/nafis/Professional_Exclusions/work_flow/node_modules/blob',
94 verbose rebuild   'blob@0.0.4' ]
95 verbose rebuild path, id [ '/home/nafis/Professional_Exclusions/work_flow/node_modules/bluebird',
95 verbose rebuild   'bluebird@3.5.0' ]
96 verbose rebuild path, id [ '/home/nafis/Professional_Exclusions/work_flow/node_modules/body-parser',
96 verbose rebuild   'body-parser@1.18.2' ]
97 verbose rebuild path, id [ '/home/nafis/Professional_Exclusions/work_flow/node_modules/bytes',
97 verbose rebuild   'bytes@3.0.0' ]
98 verbose rebuild path, id [ '/home/nafis/Professional_Exclusions/work_flow/node_modules/content-type',
98 verbose rebuild   'content-type@1.0.4' ]
99 verbose rebuild path, id [ '/home/nafis/Professional_Exclusions/work_flow/node_modules/debug',
99 verbose rebuild   'debug@2.6.9' ]
100 verbose rebuild path, id [ '/home/nafis/Professional_Exclusions/work_flow/node_modules/ms',
100 verbose rebuild   'ms@2.0.0' ]
101 verbose rebuild path, id [ '/home/nafis/Professional_Exclusions/work_flow/node_modules/depd',
101 verbose rebuild   'depd@1.1.1' ]
102 verbose rebuild path, id [ '/home/nafis/Professional_Exclusions/work_flow/node_modules/http-errors',
102 verbose rebuild   'http-errors@1.6.2' ]
103 verbose rebuild path, id [ '/home/nafis/Professional_Exclusions/work_flow/node_modules/http-errors/node_modules/setprototypeof',
103 verbose rebuild   'setprototypeof@1.0.3' ]
104 verbose rebuild path, id [ '/home/nafis/Professional_Exclusions/work_flow/node_modules/statuses',
104 verbose rebuild   'statuses@1.3.1' ]
105 verbose rebuild path, id [ '/home/nafis/Professional_Exclusions/work_flow/node_modules/on-finished',
105 verbose rebuild   'on-finished@2.3.0' ]
106 verbose rebuild path, id [ '/home/nafis/Professional_Exclusions/work_flow/node_modules/ee-first',
106 verbose rebuild   'ee-first@1.1.1' ]
107 verbose rebuild path, id [ '/home/nafis/Professional_Exclusions/work_flow/node_modules/qs',
107 verbose rebuild   'qs@6.5.1' ]
108 verbose rebuild path, id [ '/home/nafis/Professional_Exclusions/work_flow/node_modules/raw-body',
108 verbose rebuild   'raw-body@2.3.2' ]
109 verbose rebuild path, id [ '/home/nafis/Professional_Exclusions/work_flow/node_modules/unpipe',
109 verbose rebuild   'unpipe@1.0.0' ]
110 verbose rebuild path, id [ '/home/nafis/Professional_Exclusions/work_flow/node_modules/type-is',
110 verbose rebuild   'type-is@1.6.15' ]
111 verbose rebuild path, id [ '/home/nafis/Professional_Exclusions/work_flow/node_modules/media-typer',
111 verbose rebuild   'media-typer@0.3.0' ]
112 verbose rebuild path, id [ '/home/nafis/Professional_Exclusions/work_flow/node_modules/bootstrap',
112 verbose rebuild   'bootstrap@4.3.1' ]
113 verbose rebuild path, id [ '/home/nafis/Professional_Exclusions/work_flow/node_modules/bson',
113 verbose rebuild   'bson@1.0.4' ]
114 verbose rebuild path, id [ '/home/nafis/Professional_Exclusions/work_flow/node_modules/buffer-equal-constant-time',
114 verbose rebuild   'buffer-equal-constant-time@1.0.1' ]
115 verbose rebuild path, id [ '/home/nafis/Professional_Exclusions/work_flow/node_modules/buffer-from',
115 verbose rebuild   'buffer-from@1.1.1' ]
116 verbose rebuild path, id [ '/home/nafis/Professional_Exclusions/work_flow/node_modules/busboy',
116 verbose rebuild   'busboy@0.2.14' ]
117 verbose rebuild path, id [ '/home/nafis/Professional_Exclusions/work_flow/node_modules/dicer',
117 verbose rebuild   'dicer@0.2.5' ]
118 verbose rebuild path, id [ '/home/nafis/Professional_Exclusions/work_flow/node_modules/dicer/node_modules/readable-stream',
118 verbose rebuild   'readable-stream@1.1.14' ]
119 verbose rebuild path, id [ '/home/nafis/Professional_Exclusions/work_flow/node_modules/dicer/node_modules/isarray',
119 verbose rebuild   'isarray@0.0.1' ]
120 verbose rebuild path, id [ '/home/nafis/Professional_Exclusions/work_flow/node_modules/dicer/node_modules/string_decoder',
120 verbose rebuild   'string_decoder@0.10.31' ]
121 verbose rebuild path, id [ '/home/nafis/Professional_Exclusions/work_flow/node_modules/streamsearch',
121 verbose rebuild   'streamsearch@0.1.2' ]
122 verbose rebuild path, id [ '/home/nafis/Professional_Exclusions/work_flow/node_modules/busboy/node_modules/readable-stream',
122 verbose rebuild   'readable-stream@1.1.14' ]
123 verbose rebuild path, id [ '/home/nafis/Professional_Exclusions/work_flow/node_modules/busboy/node_modules/isarray',
123 verbose rebuild   'isarray@0.0.1' ]
124 verbose rebuild path, id [ '/home/nafis/Professional_Exclusions/work_flow/node_modules/busboy/node_modules/string_decoder',
124 verbose rebuild   'string_decoder@0.10.31' ]
125 verbose rebuild path, id [ '/home/nafis/Professional_Exclusions/work_flow/node_modules/component-bind',
125 verbose rebuild   'component-bind@1.0.0' ]
126 verbose rebuild path, id [ '/home/nafis/Professional_Exclusions/work_flow/node_modules/component-emitter',
126 verbose rebuild   'component-emitter@1.2.1' ]
127 verbose rebuild path, id [ '/home/nafis/Professional_Exclusions/work_flow/node_modules/component-inherit',
127 verbose rebuild   'component-inherit@0.0.3' ]
128 verbose rebuild path, id [ '/home/nafis/Professional_Exclusions/work_flow/node_modules/concat-stream',
128 verbose rebuild   'concat-stream@1.6.2' ]
129 verbose rebuild path, id [ '/home/nafis/Professional_Exclusions/work_flow/node_modules/typedarray',
129 verbose rebuild   'typedarray@0.0.6' ]
130 verbose rebuild path, id [ '/home/nafis/Professional_Exclusions/work_flow/node_modules/content-disposition',
130 verbose rebuild   'content-disposition@0.5.2' ]
131 verbose rebuild path, id [ '/home/nafis/Professional_Exclusions/work_flow/node_modules/cookie',
131 verbose rebuild   'cookie@0.3.1' ]
132 verbose rebuild path, id [ '/home/nafis/Professional_Exclusions/work_flow/node_modules/cookie-parser',
132 verbose rebuild   'cookie-parser@1.4.4' ]
133 verbose rebuild path, id [ '/home/nafis/Professional_Exclusions/work_flow/node_modules/cookie-signature',
133 verbose rebuild   'cookie-signature@1.0.6' ]
134 verbose rebuild path, id [ '/home/nafis/Professional_Exclusions/work_flow/node_modules/cors',
134 verbose rebuild   'cors@2.8.5' ]
135 verbose rebuild path, id [ '/home/nafis/Professional_Exclusions/work_flow/node_modules/vary',
135 verbose rebuild   'vary@1.1.2' ]
136 verbose rebuild path, id [ '/home/nafis/Professional_Exclusions/work_flow/node_modules/crc',
136 verbose rebuild   'crc@3.4.4' ]
137 verbose rebuild path, id [ '/home/nafis/Professional_Exclusions/work_flow/node_modules/destroy',
137 verbose rebuild   'destroy@1.0.4' ]
138 verbose rebuild path, id [ '/home/nafis/Professional_Exclusions/work_flow/node_modules/dotenv',
138 verbose rebuild   'dotenv@8.2.0' ]
139 verbose rebuild path, id [ '/home/nafis/Professional_Exclusions/work_flow/node_modules/ecdsa-sig-formatter',
139 verbose rebuild   'ecdsa-sig-formatter@1.0.11' ]
140 verbose rebuild path, id [ '/home/nafis/Professional_Exclusions/work_flow/node_modules/encodeurl',
140 verbose rebuild   'encodeurl@1.0.1' ]
141 verbose rebuild path, id [ '/home/nafis/Professional_Exclusions/work_flow/node_modules/engine.io',
141 verbose rebuild   'engine.io@3.1.4' ]
142 verbose rebuild path, id [ '/home/nafis/Professional_Exclusions/work_flow/node_modules/engine.io/node_modules/accepts',
142 verbose rebuild   'accepts@1.3.3' ]
143 verbose rebuild path, id [ '/home/nafis/Professional_Exclusions/work_flow/node_modules/engine.io-parser',
143 verbose rebuild   'engine.io-parser@2.1.1' ]
144 verbose rebuild path, id [ '/home/nafis/Professional_Exclusions/work_flow/node_modules/has-binary2',
144 verbose rebuild   'has-binary2@1.0.2' ]
145 verbose rebuild path, id [ '/home/nafis/Professional_Exclusions/work_flow/node_modules/isarray',
145 verbose rebuild   'isarray@2.0.1' ]
146 verbose rebuild path, id [ '/home/nafis/Professional_Exclusions/work_flow/node_modules/ws',
146 verbose rebuild   'ws@3.3.2' ]
147 verbose rebuild path, id [ '/home/nafis/Professional_Exclusions/work_flow/node_modules/ultron',
147 verbose rebuild   'ultron@1.1.1' ]
148 verbose rebuild path, id [ '/home/nafis/Professional_Exclusions/work_flow/node_modules/engine.io-client',
148 verbose rebuild   'engine.io-client@3.1.4' ]
149 verbose rebuild path, id [ '/home/nafis/Professional_Exclusions/work_flow/node_modules/has-cors',
149 verbose rebuild   'has-cors@1.1.0' ]
150 verbose rebuild path, id [ '/home/nafis/Professional_Exclusions/work_flow/node_modules/indexof',
150 verbose rebuild   'indexof@0.0.1' ]
151 verbose rebuild path, id [ '/home/nafis/Professional_Exclusions/work_flow/node_modules/parseqs',
151 verbose rebuild   'parseqs@0.0.5' ]
152 verbose rebuild path, id [ '/home/nafis/Professional_Exclusions/work_flow/node_modules/parseuri',
152 verbose rebuild   'parseuri@0.0.5' ]
153 verbose rebuild path, id [ '/home/nafis/Professional_Exclusions/work_flow/node_modules/xmlhttprequest-ssl',
153 verbose rebuild   'xmlhttprequest-ssl@1.5.4' ]
154 verbose rebuild path, id [ '/home/nafis/Professional_Exclusions/work_flow/node_modules/yeast',
154 verbose rebuild   'yeast@0.1.2' ]
155 verbose rebuild path, id [ '/home/nafis/Professional_Exclusions/work_flow/node_modules/es6-promise',
155 verbose rebuild   'es6-promise@3.2.1' ]
156 verbose rebuild path, id [ '/home/nafis/Professional_Exclusions/work_flow/node_modules/escape-html',
156 verbose rebuild   'escape-html@1.0.3' ]
157 verbose rebuild path, id [ '/home/nafis/Professional_Exclusions/work_flow/node_modules/etag',
157 verbose rebuild   'etag@1.8.1' ]
158 verbose rebuild path, id [ '/home/nafis/Professional_Exclusions/work_flow/node_modules/express',
158 verbose rebuild   'express@4.16.2' ]
159 verbose rebuild path, id [ '/home/nafis/Professional_Exclusions/work_flow/node_modules/finalhandler',
159 verbose rebuild   'finalhandler@1.1.0' ]
160 verbose rebuild path, id [ '/home/nafis/Professional_Exclusions/work_flow/node_modules/parseurl',
160 verbose rebuild   'parseurl@1.3.2' ]
161 verbose rebuild path, id [ '/home/nafis/Professional_Exclusions/work_flow/node_modules/fresh',
161 verbose rebuild   'fresh@0.5.2' ]
162 verbose rebuild path, id [ '/home/nafis/Professional_Exclusions/work_flow/node_modules/merge-descriptors',
162 verbose rebuild   'merge-descriptors@1.0.1' ]
163 verbose rebuild path, id [ '/home/nafis/Professional_Exclusions/work_flow/node_modules/methods',
163 verbose rebuild   'methods@1.1.2' ]
164 verbose rebuild path, id [ '/home/nafis/Professional_Exclusions/work_flow/node_modules/path-to-regexp',
164 verbose rebuild   'path-to-regexp@0.1.7' ]
165 verbose rebuild path, id [ '/home/nafis/Professional_Exclusions/work_flow/node_modules/proxy-addr',
165 verbose rebuild   'proxy-addr@2.0.2' ]
166 verbose rebuild path, id [ '/home/nafis/Professional_Exclusions/work_flow/node_modules/forwarded',
166 verbose rebuild   'forwarded@0.1.2' ]
167 verbose rebuild path, id [ '/home/nafis/Professional_Exclusions/work_flow/node_modules/ipaddr.js',
167 verbose rebuild   'ipaddr.js@1.5.2' ]
168 verbose rebuild path, id [ '/home/nafis/Professional_Exclusions/work_flow/node_modules/range-parser',
168 verbose rebuild   'range-parser@1.2.0' ]
169 verbose rebuild path, id [ '/home/nafis/Professional_Exclusions/work_flow/node_modules/send',
169 verbose rebuild   'send@0.16.1' ]
170 verbose rebuild path, id [ '/home/nafis/Professional_Exclusions/work_flow/node_modules/mime',
170 verbose rebuild   'mime@1.4.1' ]
171 verbose rebuild path, id [ '/home/nafis/Professional_Exclusions/work_flow/node_modules/serve-static',
171 verbose rebuild   'serve-static@1.13.1' ]
172 verbose rebuild path, id [ '/home/nafis/Professional_Exclusions/work_flow/node_modules/setprototypeof',
172 verbose rebuild   'setprototypeof@1.1.0' ]
173 verbose rebuild path, id [ '/home/nafis/Professional_Exclusions/work_flow/node_modules/utils-merge',
173 verbose rebuild   'utils-merge@1.0.1' ]
174 verbose rebuild path, id [ '/home/nafis/Professional_Exclusions/work_flow/node_modules/express-session',
174 verbose rebuild   'express-session@1.15.6' ]
175 verbose rebuild path, id [ '/home/nafis/Professional_Exclusions/work_flow/node_modules/on-headers',
175 verbose rebuild   'on-headers@1.0.1' ]
176 verbose rebuild path, id [ '/home/nafis/Professional_Exclusions/work_flow/node_modules/uid-safe',
176 verbose rebuild   'uid-safe@2.1.5' ]
177 verbose rebuild path, id [ '/home/nafis/Professional_Exclusions/work_flow/node_modules/random-bytes',
177 verbose rebuild   'random-bytes@1.0.0' ]
178 verbose rebuild path, id [ '/home/nafis/Professional_Exclusions/work_flow/node_modules/extend',
178 verbose rebuild   'extend@3.0.2' ]
179 verbose rebuild path, id [ '/home/nafis/Professional_Exclusions/work_flow/node_modules/graceful-fs',
179 verbose rebuild   'graceful-fs@4.1.11' ]
180 verbose rebuild path, id [ '/home/nafis/Professional_Exclusions/work_flow/node_modules/hooks-fixed',
180 verbose rebuild   'hooks-fixed@2.0.2' ]
181 verbose rebuild path, id [ '/home/nafis/Professional_Exclusions/work_flow/node_modules/jsonfile',
181 verbose rebuild   'jsonfile@4.0.0' ]
182 verbose rebuild path, id [ '/home/nafis/Professional_Exclusions/work_flow/node_modules/jsonwebtoken',
182 verbose rebuild   'jsonwebtoken@8.5.1' ]
183 verbose rebuild path, id [ '/home/nafis/Professional_Exclusions/work_flow/node_modules/jws',
183 verbose rebuild   'jws@3.2.2' ]
184 verbose rebuild path, id [ '/home/nafis/Professional_Exclusions/work_flow/node_modules/jwa',
184 verbose rebuild   'jwa@1.4.1' ]
185 verbose rebuild path, id [ '/home/nafis/Professional_Exclusions/work_flow/node_modules/lodash.includes',
185 verbose rebuild   'lodash.includes@4.3.0' ]
186 verbose rebuild path, id [ '/home/nafis/Professional_Exclusions/work_flow/node_modules/lodash.isboolean',
186 verbose rebuild   'lodash.isboolean@3.0.3' ]
187 verbose rebuild path, id [ '/home/nafis/Professional_Exclusions/work_flow/node_modules/lodash.isinteger',
187 verbose rebuild   'lodash.isinteger@4.0.4' ]
188 verbose rebuild path, id [ '/home/nafis/Professional_Exclusions/work_flow/node_modules/lodash.isnumber',
188 verbose rebuild   'lodash.isnumber@3.0.3' ]
189 verbose rebuild path, id [ '/home/nafis/Professional_Exclusions/work_flow/node_modules/lodash.isplainobject',
189 verbose rebuild   'lodash.isplainobject@4.0.6' ]
190 verbose rebuild path, id [ '/home/nafis/Professional_Exclusions/work_flow/node_modules/lodash.isstring',
190 verbose rebuild   'lodash.isstring@4.0.1' ]
191 verbose rebuild path, id [ '/home/nafis/Professional_Exclusions/work_flow/node_modules/lodash.once',
191 verbose rebuild   'lodash.once@4.1.1' ]
192 verbose rebuild path, id [ '/home/nafis/Professional_Exclusions/work_flow/node_modules/jsonwebtoken/node_modules/ms',
192 verbose rebuild   'ms@2.1.2' ]
193 verbose rebuild path, id [ '/home/nafis/Professional_Exclusions/work_flow/node_modules/jsonwebtoken/node_modules/semver',
193 verbose rebuild   'semver@5.7.1' ]
194 verbose rebuild path, id [ '/home/nafis/Professional_Exclusions/work_flow/node_modules/kareem',
194 verbose rebuild   'kareem@1.5.0' ]
195 verbose rebuild path, id [ '/home/nafis/Professional_Exclusions/work_flow/node_modules/lodash.foreach',
195 verbose rebuild   'lodash.foreach@4.5.0' ]
196 verbose rebuild path, id [ '/home/nafis/Professional_Exclusions/work_flow/node_modules/lodash.get',
196 verbose rebuild   'lodash.get@4.4.2' ]
197 verbose rebuild path, id [ '/home/nafis/Professional_Exclusions/work_flow/node_modules/memory-pager',
197 verbose rebuild   'memory-pager@1.5.0' ]
198 verbose rebuild path, id [ '/home/nafis/Professional_Exclusions/work_flow/node_modules/moment',
198 verbose rebuild   'moment@2.24.0' ]
199 verbose rebuild path, id [ '/home/nafis/Professional_Exclusions/work_flow/node_modules/mongodb',
199 verbose rebuild   'mongodb@3.3.5' ]
200 verbose rebuild path, id [ '/home/nafis/Professional_Exclusions/work_flow/node_modules/mongodb/node_modules/bson',
200 verbose rebuild   'bson@1.1.3' ]
201 verbose rebuild path, id [ '/home/nafis/Professional_Exclusions/work_flow/node_modules/require_optional',
201 verbose rebuild   'require_optional@1.0.1' ]
202 verbose rebuild path, id [ '/home/nafis/Professional_Exclusions/work_flow/node_modules/resolve-from',
202 verbose rebuild   'resolve-from@2.0.0' ]
203 verbose rebuild path, id [ '/home/nafis/Professional_Exclusions/work_flow/node_modules/mongodb/node_modules/safe-buffer',
203 verbose rebuild   'safe-buffer@5.2.0' ]
204 verbose rebuild path, id [ '/home/nafis/Professional_Exclusions/work_flow/node_modules/mongodb-core',
204 verbose rebuild   'mongodb-core@2.1.17' ]
205 verbose rebuild path, id [ '/home/nafis/Professional_Exclusions/work_flow/node_modules/mongodb-server',
205 verbose rebuild   'mongodb-server@1.0.0' ]
206 verbose rebuild path, id [ '/home/nafis/Professional_Exclusions/work_flow/node_modules/mongoose',
206 verbose rebuild   'mongoose@5.7.14' ]
207 verbose rebuild path, id [ '/home/nafis/Professional_Exclusions/work_flow/node_modules/mongoose/node_modules/bson',
207 verbose rebuild   'bson@1.1.3' ]
208 verbose rebuild path, id [ '/home/nafis/Professional_Exclusions/work_flow/node_modules/mongoose/node_modules/kareem',
208 verbose rebuild   'kareem@2.3.1' ]
209 verbose rebuild path, id [ '/home/nafis/Professional_Exclusions/work_flow/node_modules/mongoose-legacy-pluralize',
209 verbose rebuild   'mongoose-legacy-pluralize@1.0.2' ]
210 verbose rebuild path, id [ '/home/nafis/Professional_Exclusions/work_flow/node_modules/mongoose/node_modules/mpath',
210 verbose rebuild   'mpath@0.6.0' ]
211 verbose rebuild path, id [ '/home/nafis/Professional_Exclusions/work_flow/node_modules/mongoose/node_modules/mquery',
211 verbose rebuild   'mquery@3.2.2' ]
212 verbose rebuild path, id [ '/home/nafis/Professional_Exclusions/work_flow/node_modules/mongoose/node_modules/bluebird',
212 verbose rebuild   'bluebird@3.5.1' ]
213 verbose rebuild path, id [ '/home/nafis/Professional_Exclusions/work_flow/node_modules/mongoose/node_modules/debug',
213 verbose rebuild   'debug@3.1.0' ]
214 verbose rebuild path, id [ '/home/nafis/Professional_Exclusions/work_flow/node_modules/mongoose/node_modules/debug/node_modules/ms',
214 verbose rebuild   'ms@2.0.0' ]
215 verbose rebuild path, id [ '/home/nafis/Professional_Exclusions/work_flow/node_modules/mongoose/node_modules/regexp-clone',
215 verbose rebuild   'regexp-clone@1.0.0' ]
216 verbose rebuild path, id [ '/home/nafis/Professional_Exclusions/work_flow/node_modules/mongoose/node_modules/safe-buffer',
216 verbose rebuild   'safe-buffer@5.1.2' ]
217 verbose rebuild path, id [ '/home/nafis/Professional_Exclusions/work_flow/node_modules/sliced',
217 verbose rebuild   'sliced@1.0.1' ]
218 verbose rebuild path, id [ '/home/nafis/Professional_Exclusions/work_flow/node_modules/mongoose/node_modules/ms',
218 verbose rebuild   'ms@2.1.2' ]
219 verbose rebuild path, id [ '/home/nafis/Professional_Exclusions/work_flow/node_modules/sift',
219 verbose rebuild   'sift@7.0.1' ]
220 verbose rebuild path, id [ '/home/nafis/Professional_Exclusions/work_flow/node_modules/mongoose-auto-increment',
220 verbose rebuild   'mongoose-auto-increment@5.0.1' ]
221 verbose rebuild path, id [ '/home/nafis/Professional_Exclusions/work_flow/node_modules/mongoose-unique-validator',
221 verbose rebuild   'mongoose-unique-validator@2.0.3' ]
222 verbose rebuild path, id [ '/home/nafis/Professional_Exclusions/work_flow/node_modules/morgan',
222 verbose rebuild   'morgan@1.9.1' ]
223 verbose rebuild path, id [ '/home/nafis/Professional_Exclusions/work_flow/node_modules/morgan/node_modules/depd',
223 verbose rebuild   'depd@1.1.2' ]
224 verbose rebuild path, id [ '/home/nafis/Professional_Exclusions/work_flow/node_modules/mpath',
224 verbose rebuild   'mpath@0.3.0' ]
225 verbose rebuild path, id [ '/home/nafis/Professional_Exclusions/work_flow/node_modules/mpromise',
225 verbose rebuild   'mpromise@0.5.5' ]
226 verbose rebuild path, id [ '/home/nafis/Professional_Exclusions/work_flow/node_modules/mquery',
226 verbose rebuild   'mquery@2.3.3' ]
227 verbose rebuild path, id [ '/home/nafis/Professional_Exclusions/work_flow/node_modules/regexp-clone',
227 verbose rebuild   'regexp-clone@0.0.1' ]
228 verbose rebuild path, id [ '/home/nafis/Professional_Exclusions/work_flow/node_modules/mquery/node_modules/sliced',
228 verbose rebuild   'sliced@0.0.5' ]
229 verbose rebuild path, id [ '/home/nafis/Professional_Exclusions/work_flow/node_modules/multer',
229 verbose rebuild   'multer@1.4.2' ]
230 verbose rebuild path, id [ '/home/nafis/Professional_Exclusions/work_flow/node_modules/xtend',
230 verbose rebuild   'xtend@4.0.2' ]
231 verbose rebuild path, id [ '/home/nafis/Professional_Exclusions/work_flow/node_modules/muri',
231 verbose rebuild   'muri@1.3.0' ]
232 verbose rebuild path, id [ '/home/nafis/Professional_Exclusions/work_flow/node_modules/object-component',
232 verbose rebuild   'object-component@0.0.3' ]
233 verbose rebuild path, id [ '/home/nafis/Professional_Exclusions/work_flow/node_modules/rootpath',
233 verbose rebuild   'rootpath@0.1.2' ]
234 verbose rebuild path, id [ '/home/nafis/Professional_Exclusions/work_flow/node_modules/saslprep',
234 verbose rebuild   'saslprep@1.0.3' ]
235 verbose rebuild path, id [ '/home/nafis/Professional_Exclusions/work_flow/node_modules/sparse-bitfield',
235 verbose rebuild   'sparse-bitfield@3.0.3' ]
236 verbose rebuild path, id [ '/home/nafis/Professional_Exclusions/work_flow/node_modules/socket.io',
236 verbose rebuild   'socket.io@2.0.4' ]
237 verbose rebuild path, id [ '/home/nafis/Professional_Exclusions/work_flow/node_modules/socket.io-adapter',
237 verbose rebuild   'socket.io-adapter@1.1.1' ]
238 verbose rebuild path, id [ '/home/nafis/Professional_Exclusions/work_flow/node_modules/socket.io-client',
238 verbose rebuild   'socket.io-client@2.0.4' ]
239 verbose rebuild path, id [ '/home/nafis/Professional_Exclusions/work_flow/node_modules/socket.io-parser',
239 verbose rebuild   'socket.io-parser@3.1.2' ]
240 verbose rebuild path, id [ '/home/nafis/Professional_Exclusions/work_flow/node_modules/to-array',
240 verbose rebuild   'to-array@0.1.4' ]
241 verbose rebuild path, id [ '/home/nafis/Professional_Exclusions/work_flow/node_modules/uws',
241 verbose rebuild   'uws@0.14.5' ]
242 silly rebuild set [ '/home/nafis/Professional_Exclusions/work_flow/node_modules/abbrev',
242 silly rebuild set   '/home/nafis/Professional_Exclusions/work_flow/node_modules/accepts',
242 silly rebuild set   '/home/nafis/Professional_Exclusions/work_flow/node_modules/mime-types',
242 silly rebuild set   '/home/nafis/Professional_Exclusions/work_flow/node_modules/mime-db',
242 silly rebuild set   '/home/nafis/Professional_Exclusions/work_flow/node_modules/negotiator',
242 silly rebuild set   '/home/nafis/Professional_Exclusions/work_flow/node_modules/after',
242 silly rebuild set   '/home/nafis/Professional_Exclusions/work_flow/node_modules/ansi-regex',
242 silly rebuild set   '/home/nafis/Professional_Exclusions/work_flow/node_modules/append-field',
242 silly rebuild set   '/home/nafis/Professional_Exclusions/work_flow/node_modules/aproba',
242 silly rebuild set   '/home/nafis/Professional_Exclusions/work_flow/node_modules/are-we-there-yet',
242 silly rebuild set   '/home/nafis/Professional_Exclusions/work_flow/node_modules/delegates',
242 silly rebuild set   '/home/nafis/Professional_Exclusions/work_flow/node_modules/readable-stream',
242 silly rebuild set   '/home/nafis/Professional_Exclusions/work_flow/node_modules/buffer-shims',
242 silly rebuild set   '/home/nafis/Professional_Exclusions/work_flow/node_modules/core-util-is',
242 silly rebuild set   '/home/nafis/Professional_Exclusions/work_flow/node_modules/inherits',
242 silly rebuild set   '/home/nafis/Professional_Exclusions/work_flow/node_modules/readable-stream/node_modules/isarray',
242 silly rebuild set   '/home/nafis/Professional_Exclusions/work_flow/node_modules/process-nextick-args',
242 silly rebuild set   '/home/nafis/Professional_Exclusions/work_flow/node_modules/string_decoder',
242 silly rebuild set   '/home/nafis/Professional_Exclusions/work_flow/node_modules/safe-buffer',
242 silly rebuild set   '/home/nafis/Professional_Exclusions/work_flow/node_modules/util-deprecate',
242 silly rebuild set   '/home/nafis/Professional_Exclusions/work_flow/node_modules/array-flatten',
242 silly rebuild set   '/home/nafis/Professional_Exclusions/work_flow/node_modules/arraybuffer.slice',
242 silly rebuild set   '/home/nafis/Professional_Exclusions/work_flow/node_modules/async',
242 silly rebuild set   '/home/nafis/Professional_Exclusions/work_flow/node_modules/lodash',
242 silly rebuild set   '/home/nafis/Professional_Exclusions/work_flow/node_modules/async-limiter',
242 silly rebuild set   '/home/nafis/Professional_Exclusions/work_flow/node_modules/backo2',
242 silly rebuild set   '/home/nafis/Professional_Exclusions/work_flow/node_modules/balanced-match',
242 silly rebuild set   '/home/nafis/Professional_Exclusions/work_flow/node_modules/base64-arraybuffer',
242 silly rebuild set   '/home/nafis/Professional_Exclusions/work_flow/node_modules/base64id',
242 silly rebuild set   '/home/nafis/Professional_Exclusions/work_flow/node_modules/basic-auth',
242 silly rebuild set   '/home/nafis/Professional_Exclusions/work_flow/node_modules/basic-auth/node_modules/safe-buffer',
242 silly rebuild set   '/home/nafis/Professional_Exclusions/work_flow/node_modules/bcrypt',
242 silly rebuild set   '/home/nafis/Professional_Exclusions/work_flow/node_modules/nan',
242 silly rebuild set   '/home/nafis/Professional_Exclusions/work_flow/node_modules/node-pre-gyp',
242 silly rebuild set   '/home/nafis/Professional_Exclusions/work_flow/node_modules/detect-libc',
242 silly rebuild set   '/home/nafis/Professional_Exclusions/work_flow/node_modules/mkdirp',
242 silly rebuild set   '/home/nafis/Professional_Exclusions/work_flow/node_modules/minimist',
242 silly rebuild set   '/home/nafis/Professional_Exclusions/work_flow/node_modules/needle',
242 silly rebuild set   '/home/nafis/Professional_Exclusions/work_flow/node_modules/needle/node_modules/debug',
242 silly rebuild set   '/home/nafis/Professional_Exclusions/work_flow/node_modules/needle/node_modules/ms',
242 silly rebuild set   '/home/nafis/Professional_Exclusions/work_flow/node_modules/iconv-lite',
242 silly rebuild set   '/home/nafis/Professional_Exclusions/work_flow/node_modules/sax',
242 silly rebuild set   '/home/nafis/Professional_Exclusions/work_flow/node_modules/nopt',
242 silly rebuild set   '/home/nafis/Professional_Exclusions/work_flow/node_modules/osenv',
242 silly rebuild set   '/home/nafis/Professional_Exclusions/work_flow/node_modules/os-homedir',
242 silly rebuild set   '/home/nafis/Professional_Exclusions/work_flow/node_modules/os-tmpdir',
242 silly rebuild set   '/home/nafis/Professional_Exclusions/work_flow/node_modules/npm-packlist',
242 silly rebuild set   '/home/nafis/Professional_Exclusions/work_flow/node_modules/ignore-walk',
242 silly rebuild set   '/home/nafis/Professional_Exclusions/work_flow/node_modules/minimatch',
242 silly rebuild set   '/home/nafis/Professional_Exclusions/work_flow/node_modules/brace-expansion',
242 silly rebuild set   '/home/nafis/Professional_Exclusions/work_flow/node_modules/concat-map',
242 silly rebuild set   '/home/nafis/Professional_Exclusions/work_flow/node_modules/npm-bundled',
242 silly rebuild set   '/home/nafis/Professional_Exclusions/work_flow/node_modules/npm-normalize-package-bin',
242 silly rebuild set   '/home/nafis/Professional_Exclusions/work_flow/node_modules/npmlog',
242 silly rebuild set   '/home/nafis/Professional_Exclusions/work_flow/node_modules/console-control-strings',
242 silly rebuild set   '/home/nafis/Professional_Exclusions/work_flow/node_modules/gauge',
242 silly rebuild set   '/home/nafis/Professional_Exclusions/work_flow/node_modules/has-unicode',
242 silly rebuild set   '/home/nafis/Professional_Exclusions/work_flow/node_modules/object-assign',
242 silly rebuild set   '/home/nafis/Professional_Exclusions/work_flow/node_modules/signal-exit',
242 silly rebuild set   '/home/nafis/Professional_Exclusions/work_flow/node_modules/string-width',
242 silly rebuild set   '/home/nafis/Professional_Exclusions/work_flow/node_modules/code-point-at',
242 silly rebuild set   '/home/nafis/Professional_Exclusions/work_flow/node_modules/is-fullwidth-code-point',
242 silly rebuild set   '/home/nafis/Professional_Exclusions/work_flow/node_modules/number-is-nan',
242 silly rebuild set   '/home/nafis/Professional_Exclusions/work_flow/node_modules/strip-ansi',
242 silly rebuild set   '/home/nafis/Professional_Exclusions/work_flow/node_modules/wide-align',
242 silly rebuild set   '/home/nafis/Professional_Exclusions/work_flow/node_modules/set-blocking',
242 silly rebuild set   '/home/nafis/Professional_Exclusions/work_flow/node_modules/rc',
242 silly rebuild set   '/home/nafis/Professional_Exclusions/work_flow/node_modules/deep-extend',
242 silly rebuild set   '/home/nafis/Professional_Exclusions/work_flow/node_modules/ini',
242 silly rebuild set   '/home/nafis/Professional_Exclusions/work_flow/node_modules/rc/node_modules/minimist',
242 silly rebuild set   '/home/nafis/Professional_Exclusions/work_flow/node_modules/strip-json-comments',
242 silly rebuild set   '/home/nafis/Professional_Exclusions/work_flow/node_modules/rimraf',
242 silly rebuild set   '/home/nafis/Professional_Exclusions/work_flow/node_modules/glob',
242 silly rebuild set   '/home/nafis/Professional_Exclusions/work_flow/node_modules/fs.realpath',
242 silly rebuild set   '/home/nafis/Professional_Exclusions/work_flow/node_modules/inflight',
242 silly rebuild set   '/home/nafis/Professional_Exclusions/work_flow/node_modules/once',
242 silly rebuild set   '/home/nafis/Professional_Exclusions/work_flow/node_modules/wrappy',
242 silly rebuild set   '/home/nafis/Professional_Exclusions/work_flow/node_modules/path-is-absolute',
242 silly rebuild set   '/home/nafis/Professional_Exclusions/work_flow/node_modules/semver',
242 silly rebuild set   '/home/nafis/Professional_Exclusions/work_flow/node_modules/tar',
242 silly rebuild set   '/home/nafis/Professional_Exclusions/work_flow/node_modules/chownr',
242 silly rebuild set   '/home/nafis/Professional_Exclusions/work_flow/node_modules/fs-minipass',
242 silly rebuild set   '/home/nafis/Professional_Exclusions/work_flow/node_modules/minipass',
242 silly rebuild set   '/home/nafis/Professional_Exclusions/work_flow/node_modules/minipass/node_modules/safe-buffer',
242 silly rebuild set   '/home/nafis/Professional_Exclusions/work_flow/node_modules/yallist',
242 silly rebuild set   '/home/nafis/Professional_Exclusions/work_flow/node_modules/minizlib',
242 silly rebuild set   '/home/nafis/Professional_Exclusions/work_flow/node_modules/tar/node_modules/safe-buffer',
242 silly rebuild set   '/home/nafis/Professional_Exclusions/work_flow/node_modules/better-assert',
242 silly rebuild set   '/home/nafis/Professional_Exclusions/work_flow/node_modules/callsite',
242 silly rebuild set   '/home/nafis/Professional_Exclusions/work_flow/node_modules/blob',
242 silly rebuild set   '/home/nafis/Professional_Exclusions/work_flow/node_modules/bluebird',
242 silly rebuild set   '/home/nafis/Professional_Exclusions/work_flow/node_modules/body-parser',
242 silly rebuild set   '/home/nafis/Professional_Exclusions/work_flow/node_modules/bytes',
242 silly rebuild set   '/home/nafis/Professional_Exclusions/work_flow/node_modules/content-type',
242 silly rebuild set   '/home/nafis/Professional_Exclusions/work_flow/node_modules/debug',
242 silly rebuild set   '/home/nafis/Professional_Exclusions/work_flow/node_modules/ms',
242 silly rebuild set   '/home/nafis/Professional_Exclusions/work_flow/node_modules/depd',
242 silly rebuild set   '/home/nafis/Professional_Exclusions/work_flow/node_modules/http-errors',
242 silly rebuild set   '/home/nafis/Professional_Exclusions/work_flow/node_modules/http-errors/node_modules/setprototypeof',
242 silly rebuild set   '/home/nafis/Professional_Exclusions/work_flow/node_modules/statuses',
242 silly rebuild set   ... 137 more items ]
243 info build /home/nafis/Professional_Exclusions/work_flow/node_modules/abbrev
244 info lifecycle abbrev@1.1.1~preinstall: abbrev@1.1.1
245 silly lifecycle abbrev@1.1.1~preinstall: no script for preinstall, continuing
246 info linkStuff abbrev@1.1.1
247 silly linkStuff abbrev@1.1.1 has /home/nafis/Professional_Exclusions/work_flow/node_modules as its parent node_modules
248 verbose linkBins abbrev@1.1.1
249 verbose linkMans abbrev@1.1.1
250 verbose rebuildBundles abbrev@1.1.1
251 info lifecycle abbrev@1.1.1~install: abbrev@1.1.1
252 silly lifecycle abbrev@1.1.1~install: no script for install, continuing
253 info lifecycle abbrev@1.1.1~postinstall: abbrev@1.1.1
254 silly lifecycle abbrev@1.1.1~postinstall: no script for postinstall, continuing
255 info build /home/nafis/Professional_Exclusions/work_flow/node_modules/accepts
256 info lifecycle accepts@1.3.4~preinstall: accepts@1.3.4
257 silly lifecycle accepts@1.3.4~preinstall: no script for preinstall, continuing
258 info linkStuff accepts@1.3.4
259 silly linkStuff accepts@1.3.4 has /home/nafis/Professional_Exclusions/work_flow/node_modules as its parent node_modules
260 verbose linkBins accepts@1.3.4
261 verbose linkMans accepts@1.3.4
262 verbose rebuildBundles accepts@1.3.4
263 info lifecycle accepts@1.3.4~install: accepts@1.3.4
264 silly lifecycle accepts@1.3.4~install: no script for install, continuing
265 info lifecycle accepts@1.3.4~postinstall: accepts@1.3.4
266 silly lifecycle accepts@1.3.4~postinstall: no script for postinstall, continuing
267 info build /home/nafis/Professional_Exclusions/work_flow/node_modules/mime-types
268 info lifecycle mime-types@2.1.17~preinstall: mime-types@2.1.17
269 silly lifecycle mime-types@2.1.17~preinstall: no script for preinstall, continuing
270 info linkStuff mime-types@2.1.17
271 silly linkStuff mime-types@2.1.17 has /home/nafis/Professional_Exclusions/work_flow/node_modules as its parent node_modules
272 verbose linkBins mime-types@2.1.17
273 verbose linkMans mime-types@2.1.17
274 verbose rebuildBundles mime-types@2.1.17
275 info lifecycle mime-types@2.1.17~install: mime-types@2.1.17
276 silly lifecycle mime-types@2.1.17~install: no script for install, continuing
277 info lifecycle mime-types@2.1.17~postinstall: mime-types@2.1.17
278 silly lifecycle mime-types@2.1.17~postinstall: no script for postinstall, continuing
279 info build /home/nafis/Professional_Exclusions/work_flow/node_modules/mime-db
280 info lifecycle mime-db@1.30.0~preinstall: mime-db@1.30.0
281 silly lifecycle mime-db@1.30.0~preinstall: no script for preinstall, continuing
282 info linkStuff mime-db@1.30.0
283 silly linkStuff mime-db@1.30.0 has /home/nafis/Professional_Exclusions/work_flow/node_modules as its parent node_modules
284 verbose linkBins mime-db@1.30.0
285 verbose linkMans mime-db@1.30.0
286 verbose rebuildBundles mime-db@1.30.0
287 info lifecycle mime-db@1.30.0~install: mime-db@1.30.0
288 silly lifecycle mime-db@1.30.0~install: no script for install, continuing
289 info lifecycle mime-db@1.30.0~postinstall: mime-db@1.30.0
290 silly lifecycle mime-db@1.30.0~postinstall: no script for postinstall, continuing
291 info build /home/nafis/Professional_Exclusions/work_flow/node_modules/negotiator
292 info lifecycle negotiator@0.6.1~preinstall: negotiator@0.6.1
293 silly lifecycle negotiator@0.6.1~preinstall: no script for preinstall, continuing
294 info linkStuff negotiator@0.6.1
295 silly linkStuff negotiator@0.6.1 has /home/nafis/Professional_Exclusions/work_flow/node_modules as its parent node_modules
296 verbose linkBins negotiator@0.6.1
297 verbose linkMans negotiator@0.6.1
298 verbose rebuildBundles negotiator@0.6.1
299 info lifecycle negotiator@0.6.1~install: negotiator@0.6.1
300 silly lifecycle negotiator@0.6.1~install: no script for install, continuing
301 info lifecycle negotiator@0.6.1~postinstall: negotiator@0.6.1
302 silly lifecycle negotiator@0.6.1~postinstall: no script for postinstall, continuing
303 info build /home/nafis/Professional_Exclusions/work_flow/node_modules/after
304 info lifecycle after@0.8.2~preinstall: after@0.8.2
305 silly lifecycle after@0.8.2~preinstall: no script for preinstall, continuing
306 info linkStuff after@0.8.2
307 silly linkStuff after@0.8.2 has /home/nafis/Professional_Exclusions/work_flow/node_modules as its parent node_modules
308 verbose linkBins after@0.8.2
309 verbose linkMans after@0.8.2
310 verbose rebuildBundles after@0.8.2
311 info lifecycle after@0.8.2~install: after@0.8.2
312 silly lifecycle after@0.8.2~install: no script for install, continuing
313 info lifecycle after@0.8.2~postinstall: after@0.8.2
314 silly lifecycle after@0.8.2~postinstall: no script for postinstall, continuing
315 info build /home/nafis/Professional_Exclusions/work_flow/node_modules/ansi-regex
316 info lifecycle ansi-regex@2.1.1~preinstall: ansi-regex@2.1.1
317 silly lifecycle ansi-regex@2.1.1~preinstall: no script for preinstall, continuing
318 info linkStuff ansi-regex@2.1.1
319 silly linkStuff ansi-regex@2.1.1 has /home/nafis/Professional_Exclusions/work_flow/node_modules as its parent node_modules
320 verbose linkBins ansi-regex@2.1.1
321 verbose linkMans ansi-regex@2.1.1
322 verbose rebuildBundles ansi-regex@2.1.1
323 info lifecycle ansi-regex@2.1.1~install: ansi-regex@2.1.1
324 silly lifecycle ansi-regex@2.1.1~install: no script for install, continuing
325 info lifecycle ansi-regex@2.1.1~postinstall: ansi-regex@2.1.1
326 silly lifecycle ansi-regex@2.1.1~postinstall: no script for postinstall, continuing
327 info build /home/nafis/Professional_Exclusions/work_flow/node_modules/append-field
328 info lifecycle append-field@1.0.0~preinstall: append-field@1.0.0
329 silly lifecycle append-field@1.0.0~preinstall: no script for preinstall, continuing
330 info linkStuff append-field@1.0.0
331 silly linkStuff append-field@1.0.0 has /home/nafis/Professional_Exclusions/work_flow/node_modules as its parent node_modules
332 verbose linkBins append-field@1.0.0
333 verbose linkMans append-field@1.0.0
334 verbose rebuildBundles append-field@1.0.0
335 info lifecycle append-field@1.0.0~install: append-field@1.0.0
336 silly lifecycle append-field@1.0.0~install: no script for install, continuing
337 info lifecycle append-field@1.0.0~postinstall: append-field@1.0.0
338 silly lifecycle append-field@1.0.0~postinstall: no script for postinstall, continuing
339 info build /home/nafis/Professional_Exclusions/work_flow/node_modules/aproba
340 info lifecycle aproba@1.2.0~preinstall: aproba@1.2.0
341 silly lifecycle aproba@1.2.0~preinstall: no script for preinstall, continuing
342 info linkStuff aproba@1.2.0
343 silly linkStuff aproba@1.2.0 has /home/nafis/Professional_Exclusions/work_flow/node_modules as its parent node_modules
344 verbose linkBins aproba@1.2.0
345 verbose linkMans aproba@1.2.0
346 verbose rebuildBundles aproba@1.2.0
347 info lifecycle aproba@1.2.0~install: aproba@1.2.0
348 silly lifecycle aproba@1.2.0~install: no script for install, continuing
349 info lifecycle aproba@1.2.0~postinstall: aproba@1.2.0
350 silly lifecycle aproba@1.2.0~postinstall: no script for postinstall, continuing
351 info build /home/nafis/Professional_Exclusions/work_flow/node_modules/are-we-there-yet
352 info lifecycle are-we-there-yet@1.1.5~preinstall: are-we-there-yet@1.1.5
353 silly lifecycle are-we-there-yet@1.1.5~preinstall: no script for preinstall, continuing
354 info linkStuff are-we-there-yet@1.1.5
355 silly linkStuff are-we-there-yet@1.1.5 has /home/nafis/Professional_Exclusions/work_flow/node_modules as its parent node_modules
356 verbose linkBins are-we-there-yet@1.1.5
357 verbose linkMans are-we-there-yet@1.1.5
358 verbose rebuildBundles are-we-there-yet@1.1.5
359 info lifecycle are-we-there-yet@1.1.5~install: are-we-there-yet@1.1.5
360 silly lifecycle are-we-there-yet@1.1.5~install: no script for install, continuing
361 info lifecycle are-we-there-yet@1.1.5~postinstall: are-we-there-yet@1.1.5
362 silly lifecycle are-we-there-yet@1.1.5~postinstall: no script for postinstall, continuing
363 info build /home/nafis/Professional_Exclusions/work_flow/node_modules/delegates
364 info lifecycle delegates@1.0.0~preinstall: delegates@1.0.0
365 silly lifecycle delegates@1.0.0~preinstall: no script for preinstall, continuing
366 info linkStuff delegates@1.0.0
367 silly linkStuff delegates@1.0.0 has /home/nafis/Professional_Exclusions/work_flow/node_modules as its parent node_modules
368 verbose linkBins delegates@1.0.0
369 verbose linkMans delegates@1.0.0
370 verbose rebuildBundles delegates@1.0.0
371 info lifecycle delegates@1.0.0~install: delegates@1.0.0
372 silly lifecycle delegates@1.0.0~install: no script for install, continuing
373 info lifecycle delegates@1.0.0~postinstall: delegates@1.0.0
374 silly lifecycle delegates@1.0.0~postinstall: no script for postinstall, continuing
375 info build /home/nafis/Professional_Exclusions/work_flow/node_modules/readable-stream
376 info lifecycle readable-stream@2.2.7~preinstall: readable-stream@2.2.7
377 silly lifecycle readable-stream@2.2.7~preinstall: no script for preinstall, continuing
378 info linkStuff readable-stream@2.2.7
379 silly linkStuff readable-stream@2.2.7 has /home/nafis/Professional_Exclusions/work_flow/node_modules as its parent node_modules
380 verbose linkBins readable-stream@2.2.7
381 verbose linkMans readable-stream@2.2.7
382 verbose rebuildBundles readable-stream@2.2.7
383 verbose rebuildBundles [ 'isarray' ]
384 info lifecycle readable-stream@2.2.7~install: readable-stream@2.2.7
385 silly lifecycle readable-stream@2.2.7~install: no script for install, continuing
386 info lifecycle readable-stream@2.2.7~postinstall: readable-stream@2.2.7
387 silly lifecycle readable-stream@2.2.7~postinstall: no script for postinstall, continuing
388 info build /home/nafis/Professional_Exclusions/work_flow/node_modules/buffer-shims
389 info lifecycle buffer-shims@1.0.0~preinstall: buffer-shims@1.0.0
390 silly lifecycle buffer-shims@1.0.0~preinstall: no script for preinstall, continuing
391 info linkStuff buffer-shims@1.0.0
392 silly linkStuff buffer-shims@1.0.0 has /home/nafis/Professional_Exclusions/work_flow/node_modules as its parent node_modules
393 verbose linkBins buffer-shims@1.0.0
394 verbose linkMans buffer-shims@1.0.0
395 verbose rebuildBundles buffer-shims@1.0.0
396 info lifecycle buffer-shims@1.0.0~install: buffer-shims@1.0.0
397 silly lifecycle buffer-shims@1.0.0~install: no script for install, continuing
398 info lifecycle buffer-shims@1.0.0~postinstall: buffer-shims@1.0.0
399 silly lifecycle buffer-shims@1.0.0~postinstall: no script for postinstall, continuing
400 info build /home/nafis/Professional_Exclusions/work_flow/node_modules/core-util-is
401 info lifecycle core-util-is@1.0.2~preinstall: core-util-is@1.0.2
402 silly lifecycle core-util-is@1.0.2~preinstall: no script for preinstall, continuing
403 info linkStuff core-util-is@1.0.2
404 silly linkStuff core-util-is@1.0.2 has /home/nafis/Professional_Exclusions/work_flow/node_modules as its parent node_modules
405 verbose linkBins core-util-is@1.0.2
406 verbose linkMans core-util-is@1.0.2
407 verbose rebuildBundles core-util-is@1.0.2
408 info lifecycle core-util-is@1.0.2~install: core-util-is@1.0.2
409 silly lifecycle core-util-is@1.0.2~install: no script for install, continuing
410 info lifecycle core-util-is@1.0.2~postinstall: core-util-is@1.0.2
411 silly lifecycle core-util-is@1.0.2~postinstall: no script for postinstall, continuing
412 info build /home/nafis/Professional_Exclusions/work_flow/node_modules/inherits
413 info lifecycle inherits@2.0.3~preinstall: inherits@2.0.3
414 silly lifecycle inherits@2.0.3~preinstall: no script for preinstall, continuing
415 info linkStuff inherits@2.0.3
416 silly linkStuff inherits@2.0.3 has /home/nafis/Professional_Exclusions/work_flow/node_modules as its parent node_modules
417 verbose linkBins inherits@2.0.3
418 verbose linkMans inherits@2.0.3
419 verbose rebuildBundles inherits@2.0.3
420 info lifecycle inherits@2.0.3~install: inherits@2.0.3
421 silly lifecycle inherits@2.0.3~install: no script for install, continuing
422 info lifecycle inherits@2.0.3~postinstall: inherits@2.0.3
423 silly lifecycle inherits@2.0.3~postinstall: no script for postinstall, continuing
424 info build /home/nafis/Professional_Exclusions/work_flow/node_modules/readable-stream/node_modules/isarray
425 info lifecycle isarray@1.0.0~preinstall: isarray@1.0.0
426 silly lifecycle isarray@1.0.0~preinstall: no script for preinstall, continuing
427 info linkStuff isarray@1.0.0
428 silly linkStuff isarray@1.0.0 has /home/nafis/Professional_Exclusions/work_flow/node_modules/readable-stream/node_modules as its parent node_modules
429 verbose linkBins isarray@1.0.0
430 verbose linkMans isarray@1.0.0
431 verbose rebuildBundles isarray@1.0.0
432 info lifecycle isarray@1.0.0~install: isarray@1.0.0
433 silly lifecycle isarray@1.0.0~install: no script for install, continuing
434 info lifecycle isarray@1.0.0~postinstall: isarray@1.0.0
435 silly lifecycle isarray@1.0.0~postinstall: no script for postinstall, continuing
436 info build /home/nafis/Professional_Exclusions/work_flow/node_modules/process-nextick-args
437 info lifecycle process-nextick-args@1.0.7~preinstall: process-nextick-args@1.0.7
438 silly lifecycle process-nextick-args@1.0.7~preinstall: no script for preinstall, continuing
439 info linkStuff process-nextick-args@1.0.7
440 silly linkStuff process-nextick-args@1.0.7 has /home/nafis/Professional_Exclusions/work_flow/node_modules as its parent node_modules
441 verbose linkBins process-nextick-args@1.0.7
442 verbose linkMans process-nextick-args@1.0.7
443 verbose rebuildBundles process-nextick-args@1.0.7
444 info lifecycle process-nextick-args@1.0.7~install: process-nextick-args@1.0.7
445 silly lifecycle process-nextick-args@1.0.7~install: no script for install, continuing
446 info lifecycle process-nextick-args@1.0.7~postinstall: process-nextick-args@1.0.7
447 silly lifecycle process-nextick-args@1.0.7~postinstall: no script for postinstall, continuing
448 info build /home/nafis/Professional_Exclusions/work_flow/node_modules/string_decoder
449 info lifecycle string_decoder@1.0.3~preinstall: string_decoder@1.0.3
450 silly lifecycle string_decoder@1.0.3~preinstall: no script for preinstall, continuing
451 info linkStuff string_decoder@1.0.3
452 silly linkStuff string_decoder@1.0.3 has /home/nafis/Professional_Exclusions/work_flow/node_modules as its parent node_modules
453 verbose linkBins string_decoder@1.0.3
454 verbose linkMans string_decoder@1.0.3
455 verbose rebuildBundles string_decoder@1.0.3
456 info lifecycle string_decoder@1.0.3~install: string_decoder@1.0.3
457 silly lifecycle string_decoder@1.0.3~install: no script for install, continuing
458 info lifecycle string_decoder@1.0.3~postinstall: string_decoder@1.0.3
459 silly lifecycle string_decoder@1.0.3~postinstall: no script for postinstall, continuing
460 info build /home/nafis/Professional_Exclusions/work_flow/node_modules/safe-buffer
461 info lifecycle safe-buffer@5.1.1~preinstall: safe-buffer@5.1.1
462 silly lifecycle safe-buffer@5.1.1~preinstall: no script for preinstall, continuing
463 info linkStuff safe-buffer@5.1.1
464 silly linkStuff safe-buffer@5.1.1 has /home/nafis/Professional_Exclusions/work_flow/node_modules as its parent node_modules
465 verbose linkBins safe-buffer@5.1.1
466 verbose linkMans safe-buffer@5.1.1
467 verbose rebuildBundles safe-buffer@5.1.1
468 info lifecycle safe-buffer@5.1.1~install: safe-buffer@5.1.1
469 silly lifecycle safe-buffer@5.1.1~install: no script for install, continuing
470 info lifecycle safe-buffer@5.1.1~postinstall: safe-buffer@5.1.1
471 silly lifecycle safe-buffer@5.1.1~postinstall: no script for postinstall, continuing
472 info build /home/nafis/Professional_Exclusions/work_flow/node_modules/util-deprecate
473 info lifecycle util-deprecate@1.0.2~preinstall: util-deprecate@1.0.2
474 silly lifecycle util-deprecate@1.0.2~preinstall: no script for preinstall, continuing
475 info linkStuff util-deprecate@1.0.2
476 silly linkStuff util-deprecate@1.0.2 has /home/nafis/Professional_Exclusions/work_flow/node_modules as its parent node_modules
477 verbose linkBins util-deprecate@1.0.2
478 verbose linkMans util-deprecate@1.0.2
479 verbose rebuildBundles util-deprecate@1.0.2
480 info lifecycle util-deprecate@1.0.2~install: util-deprecate@1.0.2
481 silly lifecycle util-deprecate@1.0.2~install: no script for install, continuing
482 info lifecycle util-deprecate@1.0.2~postinstall: util-deprecate@1.0.2
483 silly lifecycle util-deprecate@1.0.2~postinstall: no script for postinstall, continuing
484 info build /home/nafis/Professional_Exclusions/work_flow/node_modules/array-flatten
485 info lifecycle array-flatten@1.1.1~preinstall: array-flatten@1.1.1
486 silly lifecycle array-flatten@1.1.1~preinstall: no script for preinstall, continuing
487 info linkStuff array-flatten@1.1.1
488 silly linkStuff array-flatten@1.1.1 has /home/nafis/Professional_Exclusions/work_flow/node_modules as its parent node_modules
489 verbose linkBins array-flatten@1.1.1
490 verbose linkMans array-flatten@1.1.1
491 verbose rebuildBundles array-flatten@1.1.1
492 info lifecycle array-flatten@1.1.1~install: array-flatten@1.1.1
493 silly lifecycle array-flatten@1.1.1~install: no script for install, continuing
494 info lifecycle array-flatten@1.1.1~postinstall: array-flatten@1.1.1
495 silly lifecycle array-flatten@1.1.1~postinstall: no script for postinstall, continuing
496 info build /home/nafis/Professional_Exclusions/work_flow/node_modules/arraybuffer.slice
497 info lifecycle arraybuffer.slice@0.0.6~preinstall: arraybuffer.slice@0.0.6
498 silly lifecycle arraybuffer.slice@0.0.6~preinstall: no script for preinstall, continuing
499 info linkStuff arraybuffer.slice@0.0.6
500 silly linkStuff arraybuffer.slice@0.0.6 has /home/nafis/Professional_Exclusions/work_flow/node_modules as its parent node_modules
501 verbose linkBins arraybuffer.slice@0.0.6
502 verbose linkMans arraybuffer.slice@0.0.6
503 verbose rebuildBundles arraybuffer.slice@0.0.6
504 info lifecycle arraybuffer.slice@0.0.6~install: arraybuffer.slice@0.0.6
505 silly lifecycle arraybuffer.slice@0.0.6~install: no script for install, continuing
506 info lifecycle arraybuffer.slice@0.0.6~postinstall: arraybuffer.slice@0.0.6
507 silly lifecycle arraybuffer.slice@0.0.6~postinstall: no script for postinstall, continuing
508 info build /home/nafis/Professional_Exclusions/work_flow/node_modules/async
509 info lifecycle async@2.1.4~preinstall: async@2.1.4
510 silly lifecycle async@2.1.4~preinstall: no script for preinstall, continuing
511 info linkStuff async@2.1.4
512 silly linkStuff async@2.1.4 has /home/nafis/Professional_Exclusions/work_flow/node_modules as its parent node_modules
513 verbose linkBins async@2.1.4
514 verbose linkMans async@2.1.4
515 verbose rebuildBundles async@2.1.4
516 info lifecycle async@2.1.4~install: async@2.1.4
517 silly lifecycle async@2.1.4~install: no script for install, continuing
518 info lifecycle async@2.1.4~postinstall: async@2.1.4
519 silly lifecycle async@2.1.4~postinstall: no script for postinstall, continuing
520 info build /home/nafis/Professional_Exclusions/work_flow/node_modules/lodash
521 info lifecycle lodash@4.17.4~preinstall: lodash@4.17.4
522 silly lifecycle lodash@4.17.4~preinstall: no script for preinstall, continuing
523 info linkStuff lodash@4.17.4
524 silly linkStuff lodash@4.17.4 has /home/nafis/Professional_Exclusions/work_flow/node_modules as its parent node_modules
525 verbose linkBins lodash@4.17.4
526 verbose linkMans lodash@4.17.4
527 verbose rebuildBundles lodash@4.17.4
528 info lifecycle lodash@4.17.4~install: lodash@4.17.4
529 silly lifecycle lodash@4.17.4~install: no script for install, continuing
530 info lifecycle lodash@4.17.4~postinstall: lodash@4.17.4
531 silly lifecycle lodash@4.17.4~postinstall: no script for postinstall, continuing
532 info build /home/nafis/Professional_Exclusions/work_flow/node_modules/async-limiter
533 info lifecycle async-limiter@1.0.0~preinstall: async-limiter@1.0.0
534 silly lifecycle async-limiter@1.0.0~preinstall: no script for preinstall, continuing
535 info linkStuff async-limiter@1.0.0
536 silly linkStuff async-limiter@1.0.0 has /home/nafis/Professional_Exclusions/work_flow/node_modules as its parent node_modules
537 verbose linkBins async-limiter@1.0.0
538 verbose linkMans async-limiter@1.0.0
539 verbose rebuildBundles async-limiter@1.0.0
540 info lifecycle async-limiter@1.0.0~install: async-limiter@1.0.0
541 silly lifecycle async-limiter@1.0.0~install: no script for install, continuing
542 info lifecycle async-limiter@1.0.0~postinstall: async-limiter@1.0.0
543 silly lifecycle async-limiter@1.0.0~postinstall: no script for postinstall, continuing
544 info build /home/nafis/Professional_Exclusions/work_flow/node_modules/backo2
545 info lifecycle backo2@1.0.2~preinstall: backo2@1.0.2
546 silly lifecycle backo2@1.0.2~preinstall: no script for preinstall, continuing
547 info linkStuff backo2@1.0.2
548 silly linkStuff backo2@1.0.2 has /home/nafis/Professional_Exclusions/work_flow/node_modules as its parent node_modules
549 verbose linkBins backo2@1.0.2
550 verbose linkMans backo2@1.0.2
551 verbose rebuildBundles backo2@1.0.2
552 info lifecycle backo2@1.0.2~install: backo2@1.0.2
553 silly lifecycle backo2@1.0.2~install: no script for install, continuing
554 info lifecycle backo2@1.0.2~postinstall: backo2@1.0.2
555 silly lifecycle backo2@1.0.2~postinstall: no script for postinstall, continuing
556 info build /home/nafis/Professional_Exclusions/work_flow/node_modules/balanced-match
557 info lifecycle balanced-match@1.0.0~preinstall: balanced-match@1.0.0
558 silly lifecycle balanced-match@1.0.0~preinstall: no script for preinstall, continuing
559 info linkStuff balanced-match@1.0.0
560 silly linkStuff balanced-match@1.0.0 has /home/nafis/Professional_Exclusions/work_flow/node_modules as its parent node_modules
561 verbose linkBins balanced-match@1.0.0
562 verbose linkMans balanced-match@1.0.0
563 verbose rebuildBundles balanced-match@1.0.0
564 info lifecycle balanced-match@1.0.0~install: balanced-match@1.0.0
565 silly lifecycle balanced-match@1.0.0~install: no script for install, continuing
566 info lifecycle balanced-match@1.0.0~postinstall: balanced-match@1.0.0
567 silly lifecycle balanced-match@1.0.0~postinstall: no script for postinstall, continuing
568 info build /home/nafis/Professional_Exclusions/work_flow/node_modules/base64-arraybuffer
569 info lifecycle base64-arraybuffer@0.1.5~preinstall: base64-arraybuffer@0.1.5
570 silly lifecycle base64-arraybuffer@0.1.5~preinstall: no script for preinstall, continuing
571 info linkStuff base64-arraybuffer@0.1.5
572 silly linkStuff base64-arraybuffer@0.1.5 has /home/nafis/Professional_Exclusions/work_flow/node_modules as its parent node_modules
573 verbose linkBins base64-arraybuffer@0.1.5
574 verbose linkMans base64-arraybuffer@0.1.5
575 verbose rebuildBundles base64-arraybuffer@0.1.5
576 info lifecycle base64-arraybuffer@0.1.5~install: base64-arraybuffer@0.1.5
577 silly lifecycle base64-arraybuffer@0.1.5~install: no script for install, continuing
578 info lifecycle base64-arraybuffer@0.1.5~postinstall: base64-arraybuffer@0.1.5
579 silly lifecycle base64-arraybuffer@0.1.5~postinstall: no script for postinstall, continuing
580 info build /home/nafis/Professional_Exclusions/work_flow/node_modules/base64id
581 info lifecycle base64id@1.0.0~preinstall: base64id@1.0.0
582 silly lifecycle base64id@1.0.0~preinstall: no script for preinstall, continuing
583 info linkStuff base64id@1.0.0
584 silly linkStuff base64id@1.0.0 has /home/nafis/Professional_Exclusions/work_flow/node_modules as its parent node_modules
585 verbose linkBins base64id@1.0.0
586 verbose linkMans base64id@1.0.0
587 verbose rebuildBundles base64id@1.0.0
588 info lifecycle base64id@1.0.0~install: base64id@1.0.0
589 silly lifecycle base64id@1.0.0~install: no script for install, continuing
590 info lifecycle base64id@1.0.0~postinstall: base64id@1.0.0
591 silly lifecycle base64id@1.0.0~postinstall: no script for postinstall, continuing
592 info build /home/nafis/Professional_Exclusions/work_flow/node_modules/basic-auth
593 info lifecycle basic-auth@2.0.1~preinstall: basic-auth@2.0.1
594 silly lifecycle basic-auth@2.0.1~preinstall: no script for preinstall, continuing
595 info linkStuff basic-auth@2.0.1
596 silly linkStuff basic-auth@2.0.1 has /home/nafis/Professional_Exclusions/work_flow/node_modules as its parent node_modules
597 verbose linkBins basic-auth@2.0.1
598 verbose linkMans basic-auth@2.0.1
599 verbose rebuildBundles basic-auth@2.0.1
600 verbose rebuildBundles [ 'safe-buffer' ]
601 info lifecycle basic-auth@2.0.1~install: basic-auth@2.0.1
602 silly lifecycle basic-auth@2.0.1~install: no script for install, continuing
603 info lifecycle basic-auth@2.0.1~postinstall: basic-auth@2.0.1
604 silly lifecycle basic-auth@2.0.1~postinstall: no script for postinstall, continuing
605 info build /home/nafis/Professional_Exclusions/work_flow/node_modules/basic-auth/node_modules/safe-buffer
606 info lifecycle safe-buffer@5.1.2~preinstall: safe-buffer@5.1.2
607 silly lifecycle safe-buffer@5.1.2~preinstall: no script for preinstall, continuing
608 info linkStuff safe-buffer@5.1.2
609 silly linkStuff safe-buffer@5.1.2 has /home/nafis/Professional_Exclusions/work_flow/node_modules/basic-auth/node_modules as its parent node_modules
610 verbose linkBins safe-buffer@5.1.2
611 verbose linkMans safe-buffer@5.1.2
612 verbose rebuildBundles safe-buffer@5.1.2
613 info lifecycle safe-buffer@5.1.2~install: safe-buffer@5.1.2
614 silly lifecycle safe-buffer@5.1.2~install: no script for install, continuing
615 info lifecycle safe-buffer@5.1.2~postinstall: safe-buffer@5.1.2
616 silly lifecycle safe-buffer@5.1.2~postinstall: no script for postinstall, continuing
617 info build /home/nafis/Professional_Exclusions/work_flow/node_modules/bcrypt
618 info lifecycle bcrypt@3.0.7~preinstall: bcrypt@3.0.7
619 silly lifecycle bcrypt@3.0.7~preinstall: no script for preinstall, continuing
620 info linkStuff bcrypt@3.0.7
621 silly linkStuff bcrypt@3.0.7 has /home/nafis/Professional_Exclusions/work_flow/node_modules as its parent node_modules
622 verbose linkBins bcrypt@3.0.7
623 verbose linkMans bcrypt@3.0.7
624 verbose rebuildBundles bcrypt@3.0.7
625 info lifecycle bcrypt@3.0.7~install: bcrypt@3.0.7
626 verbose lifecycle bcrypt@3.0.7~install: unsafe-perm in lifecycle false
627 verbose lifecycle bcrypt@3.0.7~install: PATH: /usr/share/npm/bin/node-gyp-bin:/home/nafis/Professional_Exclusions/work_flow/node_modules/bcrypt/node_modules/.bin:/home/nafis/Professional_Exclusions/work_flow/node_modules/.bin:/usr/local/sbin:/usr/local/bin:/usr/sbin:/usr/bin:/sbin:/bin:/snap/bin
628 verbose lifecycle bcrypt@3.0.7~install: CWD: /home/nafis/Professional_Exclusions/work_flow/node_modules/bcrypt
629 silly lifecycle bcrypt@3.0.7~install: Args: [ '-c', 'node-pre-gyp install --fallback-to-build' ]
630 info lifecycle bcrypt@3.0.7~install: Failed to exec install script
631 verbose stack Error: bcrypt@3.0.7 install: `node-pre-gyp install --fallback-to-build`
631 verbose stack spawn ENOENT
631 verbose stack     at ChildProcess.<anonymous> (/usr/share/npm/lib/utils/spawn.js:17:16)
631 verbose stack     at emitTwo (events.js:126:13)
631 verbose stack     at ChildProcess.emit (events.js:214:7)
631 verbose stack     at maybeClose (internal/child_process.js:925:16)
631 verbose stack     at Process.ChildProcess._handle.onexit (internal/child_process.js:209:5)
632 verbose pkgid bcrypt@3.0.7
633 verbose cwd /home/nafis/Professional_Exclusions/work_flow
634 error Linux 5.3.0-40-generic
635 error argv "/usr/bin/node" "/usr/bin/npm" "rebuild"
636 error node v8.10.0
637 error npm  v3.5.2
638 error file sh
639 error code ELIFECYCLE
640 error errno ENOENT
641 error syscall spawn
642 error bcrypt@3.0.7 install: `node-pre-gyp install --fallback-to-build`
642 error spawn ENOENT
643 error Failed at the bcrypt@3.0.7 install script 'node-pre-gyp install --fallback-to-build'.
643 error Make sure you have the latest version of node.js and npm installed.
643 error If you do, this is most likely a problem with the bcrypt package,
643 error not with npm itself.
643 error Tell the author that this fails on your system:
643 error     node-pre-gyp install --fallback-to-build
643 error You can get information on how to open an issue for this project with:
643 error     npm bugs bcrypt
643 error Or if that isn't available, you can get their info via:
643 error     npm owner ls bcrypt
643 error There is likely additional logging output above.
644 verbose exit [ 1, true ]
